<?xml version="1.0" encoding="UTF-8"?>
<testng-results ignored="0" total="1" passed="0" failed="0" skipped="1">
  <reporter-output>
  </reporter-output>
  <suite started-at="2020-11-28T23:55:00 EST" name="Default suite" finished-at="2020-11-28T23:55:02 EST" duration-ms="2356">
    <groups>
    </groups>
    <test started-at="2020-11-28T23:55:00 EST" name="Default test" finished-at="2020-11-28T23:55:02 EST" duration-ms="2356">
      <class name="MyFinalExam.TULI.SB_001">
        <test-method is-config="true" signature="launchWebsite()[pri:0, instance:MyFinalExam.TULI.SB_001@609db43b]" started-at="2020-11-28T23:55:00 EST" name="launchWebsite" finished-at="2020-11-28T23:55:02 EST" duration-ms="2249" status="FAIL">
          <exception class="org.openqa.selenium.SessionNotCreatedException">
            <message>
              <![CDATA[session not created: This version of ChromeDriver only supports Chrome version 84
Build info: version: '3.141.59', revision: 'e82be7d358', time: '2018-11-14T08:17:03'
System info: host: 'DESKTOP-6J67IDM', ip: '192.168.0.18', os.name: 'Windows 10', os.arch: 'amd64', os.version: '10.0', java.version: '11.0.7'
Driver info: driver.version: ChromeDriver
remote stacktrace: Backtrace:
Ordinal0 [0x00CD87E3+2852835]
Ordinal0 [0x00BC5BB1+1727409]
Ordinal0 [0x00A9E4B9+517305]
Ordinal0 [0x00A30BA0+68512]
Ordinal0 [0x00A2D3A0+54176]
Ordinal0 [0x00A4D9F7+186871]
Ordinal0 [0x00A4D7FD+186365]
Ordinal0 [0x00A4B70B+177931]
Ordinal0 [0x00A32584+75140]
Ordinal0 [0x00A33650+79440]
Ordinal0 [0x00A335E9+79337]
Ordinal0 [0x00BDAD5C+1813852]
GetHandleVerifier [0x00DFC616+1075574]
GetHandleVerifier [0x00DFC367+1074887]
GetHandleVerifier [0x00E07497+1120247]
GetHandleVerifier [0x00DFCC16+1077110]
Ordinal0 [0x00BD3206+1782278]
Ordinal0 [0x00BDC3BB+1819579]
Ordinal0 [0x00BDC523+1819939]
Ordinal0 [0x00BF2B45+1911621]
BaseThreadInitThunk [0x75126359+25]
RtlGetAppContainerNamedObjectPath [0x775F8944+228]
RtlGetAppContainerNamedObjectPath [0x775F8914+180]
]]>
            </message>
            <full-stacktrace>
              <![CDATA[org.openqa.selenium.SessionNotCreatedException: session not created: This version of ChromeDriver only supports Chrome version 84
Build info: version: '3.141.59', revision: 'e82be7d358', time: '2018-11-14T08:17:03'
System info: host: 'DESKTOP-6J67IDM', ip: '192.168.0.18', os.name: 'Windows 10', os.arch: 'amd64', os.version: '10.0', java.version: '11.0.7'
Driver info: driver.version: ChromeDriver
remote stacktrace: Backtrace:
Ordinal0 [0x00CD87E3+2852835]
Ordinal0 [0x00BC5BB1+1727409]
Ordinal0 [0x00A9E4B9+517305]
Ordinal0 [0x00A30BA0+68512]
Ordinal0 [0x00A2D3A0+54176]
Ordinal0 [0x00A4D9F7+186871]
Ordinal0 [0x00A4D7FD+186365]
Ordinal0 [0x00A4B70B+177931]
Ordinal0 [0x00A32584+75140]
Ordinal0 [0x00A33650+79440]
Ordinal0 [0x00A335E9+79337]
Ordinal0 [0x00BDAD5C+1813852]
GetHandleVerifier [0x00DFC616+1075574]
GetHandleVerifier [0x00DFC367+1074887]
GetHandleVerifier [0x00E07497+1120247]
GetHandleVerifier [0x00DFCC16+1077110]
Ordinal0 [0x00BD3206+1782278]
Ordinal0 [0x00BDC3BB+1819579]
Ordinal0 [0x00BDC523+1819939]
Ordinal0 [0x00BF2B45+1911621]
BaseThreadInitThunk [0x75126359+25]
RtlGetAppContainerNamedObjectPath [0x775F8944+228]
RtlGetAppContainerNamedObjectPath [0x775F8914+180]

at java.base/jdk.internal.reflect.NativeConstructorAccessorImpl.newInstance0(Native Method)
at java.base/jdk.internal.reflect.NativeConstructorAccessorImpl.newInstance(NativeConstructorAccessorImpl.java:62)
at java.base/jdk.internal.reflect.DelegatingConstructorAccessorImpl.newInstance(DelegatingConstructorAccessorImpl.java:45)
at java.base/java.lang.reflect.Constructor.newInstance(Constructor.java:490)
at org.openqa.selenium.remote.W3CHandshakeResponse.lambda$errorHandler$0(W3CHandshakeResponse.java:62)
at org.openqa.selenium.remote.HandshakeResponse.lambda$getResponseFunction$0(HandshakeResponse.java:30)
at org.openqa.selenium.remote.ProtocolHandshake.lambda$createSession$0(ProtocolHandshake.java:126)
at java.base/java.util.stream.ReferencePipeline$3$1.accept(ReferencePipeline.java:195)
at java.base/java.util.Spliterators$ArraySpliterator.tryAdvance(Spliterators.java:958)
at java.base/java.util.stream.ReferencePipeline.forEachWithCancel(ReferencePipeline.java:127)
at java.base/java.util.stream.AbstractPipeline.copyIntoWithCancel(AbstractPipeline.java:502)
at java.base/java.util.stream.AbstractPipeline.copyInto(AbstractPipeline.java:488)
at java.base/java.util.stream.AbstractPipeline.wrapAndCopyInto(AbstractPipeline.java:474)
at java.base/java.util.stream.FindOps$FindOp.evaluateSequential(FindOps.java:150)
at java.base/java.util.stream.AbstractPipeline.evaluate(AbstractPipeline.java:234)
at java.base/java.util.stream.ReferencePipeline.findFirst(ReferencePipeline.java:543)
at org.openqa.selenium.remote.ProtocolHandshake.createSession(ProtocolHandshake.java:128)
at org.openqa.selenium.remote.ProtocolHandshake.createSession(ProtocolHandshake.java:74)
at org.openqa.selenium.remote.HttpCommandExecutor.execute(HttpCommandExecutor.java:136)
at org.openqa.selenium.remote.service.DriverCommandExecutor.execute(DriverCommandExecutor.java:83)
at org.openqa.selenium.remote.RemoteWebDriver.execute(RemoteWebDriver.java:552)
at org.openqa.selenium.remote.RemoteWebDriver.startSession(RemoteWebDriver.java:213)
at org.openqa.selenium.remote.RemoteWebDriver.<init>(RemoteWebDriver.java:131)
at org.openqa.selenium.chrome.ChromeDriver.<init>(ChromeDriver.java:181)
at org.openqa.selenium.chrome.ChromeDriver.<init>(ChromeDriver.java:168)
at org.openqa.selenium.chrome.ChromeDriver.<init>(ChromeDriver.java:123)
at MyFinalExam.TULI.SB_001.launchWebsite(SB_001.java:30)
at java.base/jdk.internal.reflect.NativeMethodAccessorImpl.invoke0(Native Method)
at java.base/jdk.internal.reflect.NativeMethodAccessorImpl.invoke(NativeMethodAccessorImpl.java:62)
at java.base/jdk.internal.reflect.DelegatingMethodAccessorImpl.invoke(DelegatingMethodAccessorImpl.java:43)
at java.base/java.lang.reflect.Method.invoke(Method.java:566)
at org.testng.internal.MethodInvocationHelper.invokeMethod(MethodInvocationHelper.java:135)
at org.testng.internal.MethodInvocationHelper.invokeMethodConsideringTimeout(MethodInvocationHelper.java:64)
at org.testng.internal.ConfigInvoker.invokeConfigurationMethod(ConfigInvoker.java:364)
at org.testng.internal.ConfigInvoker.invokeConfigurations(ConfigInvoker.java:318)
at org.testng.TestRunner.invokeTestConfigurations(TestRunner.java:620)
at org.testng.TestRunner.beforeRun(TestRunner.java:610)
at org.testng.TestRunner.run(TestRunner.java:581)
at org.testng.SuiteRunner.runTest(SuiteRunner.java:384)
at org.testng.SuiteRunner.runSequentially(SuiteRunner.java:378)
at org.testng.SuiteRunner.privateRun(SuiteRunner.java:337)
at org.testng.SuiteRunner.run(SuiteRunner.java:286)
at org.testng.SuiteRunnerWorker.runSuite(SuiteRunnerWorker.java:53)
at org.testng.SuiteRunnerWorker.run(SuiteRunnerWorker.java:96)
at org.testng.TestNG.runSuitesSequentially(TestNG.java:1214)
at org.testng.TestNG.runSuitesLocally(TestNG.java:1136)
at org.testng.TestNG.runSuites(TestNG.java:1066)
at org.testng.TestNG.run(TestNG.java:1034)
at org.testng.remote.AbstractRemoteTestNG.run(AbstractRemoteTestNG.java:115)
at org.testng.remote.RemoteTestNG.initAndRun(RemoteTestNG.java:251)
at org.testng.remote.RemoteTestNG.main(RemoteTestNG.java:77)
]]>
            </full-stacktrace>
          </exception> <!-- org.openqa.selenium.SessionNotCreatedException -->
          <reporter-output>
          </reporter-output>
        </test-method> <!-- launchWebsite -->
        <test-method is-config="true" signature="verifycurrenturl()[pri:0, instance:MyFinalExam.TULI.SB_001@609db43b]" started-at="2020-11-28T23:55:02 EST" name="verifycurrenturl" finished-at="1969-12-31T19:00:00 EST" duration-ms="-1606625702642" status="SKIP">
          <reporter-output>
          </reporter-output>
        </test-method> <!-- verifycurrenturl -->
        <test-method signature="signup()[pri:0, instance:MyFinalExam.TULI.SB_001@609db43b]" started-at="2020-11-28T23:55:02 EST" name="signup" finished-at="2020-11-28T23:55:02 EST" duration-ms="0" status="SKIP">
          <exception class="org.openqa.selenium.SessionNotCreatedException">
            <message>
              <![CDATA[session not created: This version of ChromeDriver only supports Chrome version 84
Build info: version: '3.141.59', revision: 'e82be7d358', time: '2018-11-14T08:17:03'
System info: host: 'DESKTOP-6J67IDM', ip: '192.168.0.18', os.name: 'Windows 10', os.arch: 'amd64', os.version: '10.0', java.version: '11.0.7'
Driver info: driver.version: ChromeDriver
remote stacktrace: Backtrace:
Ordinal0 [0x00CD87E3+2852835]
Ordinal0 [0x00BC5BB1+1727409]
Ordinal0 [0x00A9E4B9+517305]
Ordinal0 [0x00A30BA0+68512]
Ordinal0 [0x00A2D3A0+54176]
Ordinal0 [0x00A4D9F7+186871]
Ordinal0 [0x00A4D7FD+186365]
Ordinal0 [0x00A4B70B+177931]
Ordinal0 [0x00A32584+75140]
Ordinal0 [0x00A33650+79440]
Ordinal0 [0x00A335E9+79337]
Ordinal0 [0x00BDAD5C+1813852]
GetHandleVerifier [0x00DFC616+1075574]
GetHandleVerifier [0x00DFC367+1074887]
GetHandleVerifier [0x00E07497+1120247]
GetHandleVerifier [0x00DFCC16+1077110]
Ordinal0 [0x00BD3206+1782278]
Ordinal0 [0x00BDC3BB+1819579]
Ordinal0 [0x00BDC523+1819939]
Ordinal0 [0x00BF2B45+1911621]
BaseThreadInitThunk [0x75126359+25]
RtlGetAppContainerNamedObjectPath [0x775F8944+228]
RtlGetAppContainerNamedObjectPath [0x775F8914+180]
]]>
            </message>
            <full-stacktrace>
              <![CDATA[org.openqa.selenium.SessionNotCreatedException: session not created: This version of ChromeDriver only supports Chrome version 84
Build info: version: '3.141.59', revision: 'e82be7d358', time: '2018-11-14T08:17:03'
System info: host: 'DESKTOP-6J67IDM', ip: '192.168.0.18', os.name: 'Windows 10', os.arch: 'amd64', os.version: '10.0', java.version: '11.0.7'
Driver info: driver.version: ChromeDriver
remote stacktrace: Backtrace:
Ordinal0 [0x00CD87E3+2852835]
Ordinal0 [0x00BC5BB1+1727409]
Ordinal0 [0x00A9E4B9+517305]
Ordinal0 [0x00A30BA0+68512]
Ordinal0 [0x00A2D3A0+54176]
Ordinal0 [0x00A4D9F7+186871]
Ordinal0 [0x00A4D7FD+186365]
Ordinal0 [0x00A4B70B+177931]
Ordinal0 [0x00A32584+75140]
Ordinal0 [0x00A33650+79440]
Ordinal0 [0x00A335E9+79337]
Ordinal0 [0x00BDAD5C+1813852]
GetHandleVerifier [0x00DFC616+1075574]
GetHandleVerifier [0x00DFC367+1074887]
GetHandleVerifier [0x00E07497+1120247]
GetHandleVerifier [0x00DFCC16+1077110]
Ordinal0 [0x00BD3206+1782278]
Ordinal0 [0x00BDC3BB+1819579]
Ordinal0 [0x00BDC523+1819939]
Ordinal0 [0x00BF2B45+1911621]
BaseThreadInitThunk [0x75126359+25]
RtlGetAppContainerNamedObjectPath [0x775F8944+228]
RtlGetAppContainerNamedObjectPath [0x775F8914+180]

at java.base/jdk.internal.reflect.NativeConstructorAccessorImpl.newInstance0(Native Method)
at java.base/jdk.internal.reflect.NativeConstructorAccessorImpl.newInstance(NativeConstructorAccessorImpl.java:62)
at java.base/jdk.internal.reflect.DelegatingConstructorAccessorImpl.newInstance(DelegatingConstructorAccessorImpl.java:45)
at java.base/java.lang.reflect.Constructor.newInstance(Constructor.java:490)
at org.openqa.selenium.remote.W3CHandshakeResponse.lambda$errorHandler$0(W3CHandshakeResponse.java:62)
at org.openqa.selenium.remote.HandshakeResponse.lambda$getResponseFunction$0(HandshakeResponse.java:30)
at org.openqa.selenium.remote.ProtocolHandshake.lambda$createSession$0(ProtocolHandshake.java:126)
at java.base/java.util.stream.ReferencePipeline$3$1.accept(ReferencePipeline.java:195)
at java.base/java.util.Spliterators$ArraySpliterator.tryAdvance(Spliterators.java:958)
at java.base/java.util.stream.ReferencePipeline.forEachWithCancel(ReferencePipeline.java:127)
at java.base/java.util.stream.AbstractPipeline.copyIntoWithCancel(AbstractPipeline.java:502)
at java.base/java.util.stream.AbstractPipeline.copyInto(AbstractPipeline.java:488)
at java.base/java.util.stream.AbstractPipeline.wrapAndCopyInto(AbstractPipeline.java:474)
at java.base/java.util.stream.FindOps$FindOp.evaluateSequential(FindOps.java:150)
at java.base/java.util.stream.AbstractPipeline.evaluate(AbstractPipeline.java:234)
at java.base/java.util.stream.ReferencePipeline.findFirst(ReferencePipeline.java:543)
at org.openqa.selenium.remote.ProtocolHandshake.createSession(ProtocolHandshake.java:128)
at org.openqa.selenium.remote.ProtocolHandshake.createSession(ProtocolHandshake.java:74)
at org.openqa.selenium.remote.HttpCommandExecutor.execute(HttpCommandExecutor.java:136)
at org.openqa.selenium.remote.service.DriverCommandExecutor.execute(DriverCommandExecutor.java:83)
at org.openqa.selenium.remote.RemoteWebDriver.execute(RemoteWebDriver.java:552)
at org.openqa.selenium.remote.RemoteWebDriver.startSession(RemoteWebDriver.java:213)
at org.openqa.selenium.remote.RemoteWebDriver.<init>(RemoteWebDriver.java:131)
at org.openqa.selenium.chrome.ChromeDriver.<init>(ChromeDriver.java:181)
at org.openqa.selenium.chrome.ChromeDriver.<init>(ChromeDriver.java:168)
at org.openqa.selenium.chrome.ChromeDriver.<init>(ChromeDriver.java:123)
at MyFinalExam.TULI.SB_001.launchWebsite(SB_001.java:30)
at java.base/jdk.internal.reflect.NativeMethodAccessorImpl.invoke0(Native Method)
at java.base/jdk.internal.reflect.NativeMethodAccessorImpl.invoke(NativeMethodAccessorImpl.java:62)
at java.base/jdk.internal.reflect.DelegatingMethodAccessorImpl.invoke(DelegatingMethodAccessorImpl.java:43)
at java.base/java.lang.reflect.Method.invoke(Method.java:566)
at org.testng.internal.MethodInvocationHelper.invokeMethod(MethodInvocationHelper.java:135)
at org.testng.internal.MethodInvocationHelper.invokeMethodConsideringTimeout(MethodInvocationHelper.java:64)
at org.testng.internal.ConfigInvoker.invokeConfigurationMethod(ConfigInvoker.java:364)
at org.testng.internal.ConfigInvoker.invokeConfigurations(ConfigInvoker.java:318)
at org.testng.TestRunner.invokeTestConfigurations(TestRunner.java:620)
at org.testng.TestRunner.beforeRun(TestRunner.java:610)
at org.testng.TestRunner.run(TestRunner.java:581)
at org.testng.SuiteRunner.runTest(SuiteRunner.java:384)
at org.testng.SuiteRunner.runSequentially(SuiteRunner.java:378)
at org.testng.SuiteRunner.privateRun(SuiteRunner.java:337)
at org.testng.SuiteRunner.run(SuiteRunner.java:286)
at org.testng.SuiteRunnerWorker.runSuite(SuiteRunnerWorker.java:53)
at org.testng.SuiteRunnerWorker.run(SuiteRunnerWorker.java:96)
at org.testng.TestNG.runSuitesSequentially(TestNG.java:1214)
at org.testng.TestNG.runSuitesLocally(TestNG.java:1136)
at org.testng.TestNG.runSuites(TestNG.java:1066)
at org.testng.TestNG.run(TestNG.java:1034)
at org.testng.remote.AbstractRemoteTestNG.run(AbstractRemoteTestNG.java:115)
at org.testng.remote.RemoteTestNG.initAndRun(RemoteTestNG.java:251)
at org.testng.remote.RemoteTestNG.main(RemoteTestNG.java:77)
]]>
            </full-stacktrace>
          </exception> <!-- org.openqa.selenium.SessionNotCreatedException -->
          <reporter-output>
          </reporter-output>
        </test-method> <!-- signup -->
        <test-method is-config="true" signature="closewebsite()[pri:0, instance:MyFinalExam.TULI.SB_001@609db43b]" started-at="2020-11-28T23:55:02 EST" name="closewebsite" finished-at="1969-12-31T19:00:00 EST" duration-ms="-1606625702665" status="SKIP">
          <reporter-output>
          </reporter-output>
        </test-method> <!-- closewebsite -->
      </class> <!-- MyFinalExam.TULI.SB_001 -->
    </test> <!-- Default test -->
  </suite> <!-- Default suite -->
</testng-results>
