<?xml version="1.0" encoding="UTF-8"?>
<!-- Generated by org.testng.reporters.JUnitXMLReporter -->
<testsuite ignored="0" hostname="DESKTOP-6J67IDM" failures="0" tests="3" name="Default test" time="0.094" errors="0" timestamp="2020-08-12T17:37:04 EDT">
  <testcase classname="integrationtesting.coursework12" name="@BeforeTest launchWebsite" time="-1.597268224702E9">
    <failure type="org.testng.TestNGException" message="
Parameter &amp;apos;browser&amp;apos; is required by BeforeTest on method launchWebsite but has not been marked @Optional or defined
in C:\Users\tulis\AppData\Local\Temp\testng-eclipse-319641448\testng-customsuite.xml">
      <![CDATA[org.testng.TestNGException: 
Parameter 'browser' is required by BeforeTest on method launchWebsite but has not been marked @Optional or defined
in C:\Users\tulis\AppData\Local\Temp\testng-eclipse-319641448\testng-customsuite.xml
at org.testng.internal.Parameters.createParams(Parameters.java:268)
at org.testng.internal.Parameters.createParametersForMethod(Parameters.java:356)
at org.testng.internal.Parameters.createParameters(Parameters.java:700)
at org.testng.internal.Parameters.createConfigurationParameters(Parameters.java:166)
at org.testng.internal.ConfigInvoker.invokeConfigurations(ConfigInvoker.java:299)
at org.testng.TestRunner.invokeTestConfigurations(TestRunner.java:620)
at org.testng.TestRunner.beforeRun(TestRunner.java:610)
at org.testng.TestRunner.run(TestRunner.java:581)
at org.testng.SuiteRunner.runTest(SuiteRunner.java:384)
at org.testng.SuiteRunner.runSequentially(SuiteRunner.java:378)
at org.testng.SuiteRunner.privateRun(SuiteRunner.java:337)
at org.testng.SuiteRunner.run(SuiteRunner.java:286)
at org.testng.SuiteRunnerWorker.runSuite(SuiteRunnerWorker.java:53)
at org.testng.SuiteRunnerWorker.run(SuiteRunnerWorker.java:96)
at org.testng.TestNG.runSuitesSequentially(TestNG.java:1214)
at org.testng.TestNG.runSuitesLocally(TestNG.java:1136)
at org.testng.TestNG.runSuites(TestNG.java:1066)
at org.testng.TestNG.run(TestNG.java:1034)
at org.testng.remote.AbstractRemoteTestNG.run(AbstractRemoteTestNG.java:115)
at org.testng.remote.RemoteTestNG.initAndRun(RemoteTestNG.java:251)
at org.testng.remote.RemoteTestNG.main(RemoteTestNG.java:77)
]]>
    </failure>
  </testcase> <!-- @BeforeTest launchWebsite -->
  <testcase classname="integrationtesting.coursework12" name="@BeforeMethod verifyHomepageTitle" time="-1.597268224747E9">
    <skipped/>
  </testcase> <!-- @BeforeMethod verifyHomepageTitle -->
  <testcase classname="integrationtesting.coursework12" name="@AfterMethod gobackHome" time="-1.597268224761E9">
    <skipped/>
  </testcase> <!-- @AfterMethod gobackHome -->
  <testcase classname="integrationtesting.coursework12" name="@BeforeMethod verifyHomepageTitle" time="-1.597268224765E9">
    <skipped/>
  </testcase> <!-- @BeforeMethod verifyHomepageTitle -->
  <testcase classname="integrationtesting.coursework12" name="@AfterMethod gobackHome" time="-1.597268224774E9">
    <skipped/>
  </testcase> <!-- @AfterMethod gobackHome -->
  <testcase classname="integrationtesting.coursework12" name="@BeforeMethod verifyHomepageTitle" time="-1.597268224776E9">
    <skipped/>
  </testcase> <!-- @BeforeMethod verifyHomepageTitle -->
  <testcase classname="integrationtesting.coursework12" name="@AfterMethod gobackHome" time="-1.597268224786E9">
    <skipped/>
  </testcase> <!-- @AfterMethod gobackHome -->
  <testcase classname="integrationtesting.coursework12" name="@AfterTest closewebsite" time="-1.597268224788E9">
    <skipped/>
  </testcase> <!-- @AfterTest closewebsite -->
  <testcase classname="integrationtesting.coursework12" name="bookroundtripticket" time="0.0">
    <skipped/>
  </testcase> <!-- bookroundtripticket -->
  <testcase classname="integrationtesting.coursework12" name="displaycruiseweeklyitinerary" time="0.0">
    <skipped/>
  </testcase> <!-- displaycruiseweeklyitinerary -->
  <testcase classname="integrationtesting.coursework12" name="userunabletoreservehotel" time="0.0">
    <skipped/>
  </testcase> <!-- userunabletoreservehotel -->
</testsuite> <!-- Default test -->
