<?xml version="1.0" encoding="UTF-8"?>
<!-- Generated by org.testng.reporters.JUnitXMLReporter -->
<testsuite ignored="0" hostname="DESKTOP-6J67IDM" failures="0" tests="1" name="chrometest" time="2.349" errors="0" timestamp="2020-11-28T23:52:24 EST">
  <testcase classname="MyFinalExam.TULI.SB_001" name="@BeforeTest launchWebsite" time="2.255">
    <failure type="org.openqa.selenium.SessionNotCreatedException" message="session not created: This version of ChromeDriver only supports Chrome version 84
Build info: version: &amp;apos;3.141.59&amp;apos;, revision: &amp;apos;e82be7d358&amp;apos;, time: &amp;apos;2018-11-14T08:17:03&amp;apos;
System info: host: &amp;apos;DESKTOP-6J67IDM&amp;apos;, ip: &amp;apos;192.168.0.18&amp;apos;, os.name: &amp;apos;Windows 10&amp;apos;, os.arch: &amp;apos;amd64&amp;apos;, os.version: &amp;apos;10.0&amp;apos;, java.version: &amp;apos;11.0.7&amp;apos;
Driver info: driver.version: ChromeDriver
remote stacktrace: Backtrace:
	Ordinal0 [0x00CD87E3+2852835]
	Ordinal0 [0x00BC5BB1+1727409]
	Ordinal0 [0x00A9E4B9+517305]
	Ordinal0 [0x00A30BA0+68512]
	Ordinal0 [0x00A2D3A0+54176]
	Ordinal0 [0x00A4D9F7+186871]
	Ordinal0 [0x00A4D7FD+186365]
	Ordinal0 [0x00A4B70B+177931]
	Ordinal0 [0x00A32584+75140]
	Ordinal0 [0x00A33650+79440]
	Ordinal0 [0x00A335E9+79337]
	Ordinal0 [0x00BDAD5C+1813852]
	GetHandleVerifier [0x00DFC616+1075574]
	GetHandleVerifier [0x00DFC367+1074887]
	GetHandleVerifier [0x00E07497+1120247]
	GetHandleVerifier [0x00DFCC16+1077110]
	Ordinal0 [0x00BD3206+1782278]
	Ordinal0 [0x00BDC3BB+1819579]
	Ordinal0 [0x00BDC523+1819939]
	Ordinal0 [0x00BF2B45+1911621]
	BaseThreadInitThunk [0x75126359+25]
	RtlGetAppContainerNamedObjectPath [0x775F8944+228]
	RtlGetAppContainerNamedObjectPath [0x775F8914+180]
">
      <![CDATA[org.openqa.selenium.SessionNotCreatedException: session not created: This version of ChromeDriver only supports Chrome version 84
Build info: version: '3.141.59', revision: 'e82be7d358', time: '2018-11-14T08:17:03'
System info: host: 'DESKTOP-6J67IDM', ip: '192.168.0.18', os.name: 'Windows 10', os.arch: 'amd64', os.version: '10.0', java.version: '11.0.7'
Driver info: driver.version: ChromeDriver
remote stacktrace: Backtrace:
Ordinal0 [0x00CD87E3+2852835]
Ordinal0 [0x00BC5BB1+1727409]
Ordinal0 [0x00A9E4B9+517305]
Ordinal0 [0x00A30BA0+68512]
Ordinal0 [0x00A2D3A0+54176]
Ordinal0 [0x00A4D9F7+186871]
Ordinal0 [0x00A4D7FD+186365]
Ordinal0 [0x00A4B70B+177931]
Ordinal0 [0x00A32584+75140]
Ordinal0 [0x00A33650+79440]
Ordinal0 [0x00A335E9+79337]
Ordinal0 [0x00BDAD5C+1813852]
GetHandleVerifier [0x00DFC616+1075574]
GetHandleVerifier [0x00DFC367+1074887]
GetHandleVerifier [0x00E07497+1120247]
GetHandleVerifier [0x00DFCC16+1077110]
Ordinal0 [0x00BD3206+1782278]
Ordinal0 [0x00BDC3BB+1819579]
Ordinal0 [0x00BDC523+1819939]
Ordinal0 [0x00BF2B45+1911621]
BaseThreadInitThunk [0x75126359+25]
RtlGetAppContainerNamedObjectPath [0x775F8944+228]
RtlGetAppContainerNamedObjectPath [0x775F8914+180]

at org.openqa.selenium.remote.W3CHandshakeResponse.lambda$errorHandler$0(W3CHandshakeResponse.java:62)
at org.openqa.selenium.remote.HandshakeResponse.lambda$getResponseFunction$0(HandshakeResponse.java:30)
at org.openqa.selenium.remote.ProtocolHandshake.lambda$createSession$0(ProtocolHandshake.java:126)
at java.base/java.util.stream.ReferencePipeline$3$1.accept(ReferencePipeline.java:195)
at java.base/java.util.Spliterators$ArraySpliterator.tryAdvance(Spliterators.java:958)
at java.base/java.util.stream.ReferencePipeline.forEachWithCancel(ReferencePipeline.java:127)
at java.base/java.util.stream.AbstractPipeline.copyIntoWithCancel(AbstractPipeline.java:502)
at java.base/java.util.stream.AbstractPipeline.copyInto(AbstractPipeline.java:488)
at java.base/java.util.stream.AbstractPipeline.wrapAndCopyInto(AbstractPipeline.java:474)
at java.base/java.util.stream.FindOps$FindOp.evaluateSequential(FindOps.java:150)
at java.base/java.util.stream.AbstractPipeline.evaluate(AbstractPipeline.java:234)
at java.base/java.util.stream.ReferencePipeline.findFirst(ReferencePipeline.java:543)
at org.openqa.selenium.remote.ProtocolHandshake.createSession(ProtocolHandshake.java:128)
at org.openqa.selenium.remote.ProtocolHandshake.createSession(ProtocolHandshake.java:74)
at org.openqa.selenium.remote.HttpCommandExecutor.execute(HttpCommandExecutor.java:136)
at org.openqa.selenium.remote.service.DriverCommandExecutor.execute(DriverCommandExecutor.java:83)
at org.openqa.selenium.remote.RemoteWebDriver.execute(RemoteWebDriver.java:552)
at org.openqa.selenium.remote.RemoteWebDriver.startSession(RemoteWebDriver.java:213)
at org.openqa.selenium.remote.RemoteWebDriver.<init>(RemoteWebDriver.java:131)
at org.openqa.selenium.chrome.ChromeDriver.<init>(ChromeDriver.java:181)
at org.openqa.selenium.chrome.ChromeDriver.<init>(ChromeDriver.java:168)
at org.openqa.selenium.chrome.ChromeDriver.<init>(ChromeDriver.java:123)
at MyFinalExam.TULI.SB_001.launchWebsite(SB_001.java:30)
... Removed 28 stack frames]]>
    </failure>
  </testcase> <!-- @BeforeTest launchWebsite -->
  <testcase classname="MyFinalExam.TULI.SB_001" name="@BeforeMethod verifycurrenturl" time="-1.606625544794E9">
    <skipped/>
  </testcase> <!-- @BeforeMethod verifycurrenturl -->
  <testcase classname="MyFinalExam.TULI.SB_001" name="@AfterTest closewebsite" time="-1.606625544819E9">
    <skipped/>
  </testcase> <!-- @AfterTest closewebsite -->
  <testcase classname="MyFinalExam.TULI.SB_001" name="signup" time="0.0">
    <skipped/>
  </testcase> <!-- signup -->
</testsuite> <!-- chrometest -->
