<?xml version="1.0" encoding="UTF-8"?>
<!-- Generated by org.testng.reporters.JUnitXMLReporter -->
<testsuite ignored="0" hostname="DESKTOP-6J67IDM" failures="0" tests="3" name="firefoxtest" time="12.382" errors="0" timestamp="2020-08-25T16:37:49 EDT">
  <testcase classname="integrationtesting.coursework12" name="@BeforeTest launchWebsite" time="12.316">
    <failure type="org.openqa.selenium.NoSuchWindowException" message="Browsing context has been discarded
Build info: version: &amp;apos;3.141.59&amp;apos;, revision: &amp;apos;e82be7d358&amp;apos;, time: &amp;apos;2018-11-14T08:17:03&amp;apos;
System info: host: &amp;apos;DESKTOP-6J67IDM&amp;apos;, ip: &amp;apos;192.168.0.16&amp;apos;, os.name: &amp;apos;Windows 10&amp;apos;, os.arch: &amp;apos;amd64&amp;apos;, os.version: &amp;apos;10.0&amp;apos;, java.version: &amp;apos;11.0.7&amp;apos;
Driver info: org.openqa.selenium.firefox.FirefoxDriver
Capabilities {acceptInsecureCerts: true, browserName: firefox, browserVersion: 77.0.1, javascriptEnabled: true, moz:accessibilityChecks: false, moz:buildID: 20200602222727, moz:geckodriverVersion: 0.26.0, moz:headless: false, moz:processID: 11664, moz:profile: C:\Users\tulis\AppData\Loca..., moz:shutdownTimeout: 60000, moz:useNonSpecCompliantPointerOrigin: false, moz:webdriverClick: true, pageLoadStrategy: normal, platform: WINDOWS, platformName: WINDOWS, platformVersion: 10.0, rotatable: false, setWindowRect: true, strictFileInteractability: false, timeouts: {implicit: 0, pageLoad: 300000, script: 30000}, unhandledPromptBehavior: dismiss and notify}
Session ID: 5b76bcd2-3e2b-43c6-8868-78492f7c6e25">
      <![CDATA[org.openqa.selenium.NoSuchWindowException: Browsing context has been discarded
Build info: version: '3.141.59', revision: 'e82be7d358', time: '2018-11-14T08:17:03'
System info: host: 'DESKTOP-6J67IDM', ip: '192.168.0.16', os.name: 'Windows 10', os.arch: 'amd64', os.version: '10.0', java.version: '11.0.7'
Driver info: org.openqa.selenium.firefox.FirefoxDriver
Capabilities {acceptInsecureCerts: true, browserName: firefox, browserVersion: 77.0.1, javascriptEnabled: true, moz:accessibilityChecks: false, moz:buildID: 20200602222727, moz:geckodriverVersion: 0.26.0, moz:headless: false, moz:processID: 11664, moz:profile: C:\Users\tulis\AppData\Loca..., moz:shutdownTimeout: 60000, moz:useNonSpecCompliantPointerOrigin: false, moz:webdriverClick: true, pageLoadStrategy: normal, platform: WINDOWS, platformName: WINDOWS, platformVersion: 10.0, rotatable: false, setWindowRect: true, strictFileInteractability: false, timeouts: {implicit: 0, pageLoad: 300000, script: 30000}, unhandledPromptBehavior: dismiss and notify}
Session ID: 5b76bcd2-3e2b-43c6-8868-78492f7c6e25
at org.openqa.selenium.remote.http.W3CHttpResponseCodec.createException(W3CHttpResponseCodec.java:187)
at org.openqa.selenium.remote.http.W3CHttpResponseCodec.decode(W3CHttpResponseCodec.java:122)
at org.openqa.selenium.remote.http.W3CHttpResponseCodec.decode(W3CHttpResponseCodec.java:49)
at org.openqa.selenium.remote.HttpCommandExecutor.execute(HttpCommandExecutor.java:158)
at org.openqa.selenium.remote.service.DriverCommandExecutor.execute(DriverCommandExecutor.java:83)
at org.openqa.selenium.remote.RemoteWebDriver.execute(RemoteWebDriver.java:552)
at org.openqa.selenium.remote.RemoteWebDriver.execute(RemoteWebDriver.java:609)
at org.openqa.selenium.remote.RemoteWebDriver$RemoteWebDriverOptions$RemoteWindow.maximize(RemoteWebDriver.java:837)
at integrationtesting.coursework12.launchWebsite(coursework12.java:31)
... Removed 28 stack frames]]>
    </failure>
  </testcase> <!-- @BeforeTest launchWebsite -->
  <testcase classname="integrationtesting.coursework12" name="@BeforeMethod verifyHomepageTitle" time="-1.598387869456E9">
    <skipped/>
  </testcase> <!-- @BeforeMethod verifyHomepageTitle -->
  <testcase classname="integrationtesting.coursework12" name="@AfterMethod gobackHome" time="-1.598387869471E9">
    <skipped/>
  </testcase> <!-- @AfterMethod gobackHome -->
  <testcase classname="integrationtesting.coursework12" name="@BeforeMethod verifyHomepageTitle" time="-1.598387869475E9">
    <skipped/>
  </testcase> <!-- @BeforeMethod verifyHomepageTitle -->
  <testcase classname="integrationtesting.coursework12" name="@AfterMethod gobackHome" time="-1.598387869484E9">
    <skipped/>
  </testcase> <!-- @AfterMethod gobackHome -->
  <testcase classname="integrationtesting.coursework12" name="@BeforeMethod verifyHomepageTitle" time="-1.59838786949E9">
    <skipped/>
  </testcase> <!-- @BeforeMethod verifyHomepageTitle -->
  <testcase classname="integrationtesting.coursework12" name="@AfterMethod gobackHome" time="-1.598387869496E9">
    <skipped/>
  </testcase> <!-- @AfterMethod gobackHome -->
  <testcase classname="integrationtesting.coursework12" name="@AfterTest closewebsite" time="-1.5983878695E9">
    <skipped/>
  </testcase> <!-- @AfterTest closewebsite -->
  <testcase classname="integrationtesting.coursework12" name="bookroundtripticket" time="0.0">
    <skipped/>
  </testcase> <!-- bookroundtripticket -->
  <testcase classname="integrationtesting.coursework12" name="displaycruiseweeklyitinerary" time="0.0">
    <skipped/>
  </testcase> <!-- displaycruiseweeklyitinerary -->
  <testcase classname="integrationtesting.coursework12" name="userunabletoreservehotel" time="0.0">
    <skipped/>
  </testcase> <!-- userunabletoreservehotel -->
</testsuite> <!-- firefoxtest -->
