<?xml version="1.0" encoding="UTF-8"?>
<!-- Generated by org.testng.reporters.JUnitXMLReporter -->
<testsuite ignored="0" hostname="DESKTOP-6J67IDM" failures="0" tests="1" name="Default test" time="0.086" errors="0" timestamp="2020-08-26T15:14:30 EDT">
  <testcase classname="com.org.learningMaven.myMavenProject1.sample" name="@BeforeTest launchWebsite" time="-1.598469270083E9">
    <failure type="org.testng.TestNGException" message="
Parameter &amp;apos;browser&amp;apos; is required by BeforeTest on method launchWebsite but has not been marked @Optional or defined
in C:\Users\tulis\AppData\Local\Temp\testng-eclipse--2004471806\testng-customsuite.xml">
      <![CDATA[org.testng.TestNGException: 
Parameter 'browser' is required by BeforeTest on method launchWebsite but has not been marked @Optional or defined
in C:\Users\tulis\AppData\Local\Temp\testng-eclipse--2004471806\testng-customsuite.xml
at org.testng.internal.Parameters.createParams(Parameters.java:268)
at org.testng.internal.Parameters.createParametersForMethod(Parameters.java:356)
at org.testng.internal.Parameters.createParameters(Parameters.java:700)
at org.testng.internal.Parameters.createConfigurationParameters(Parameters.java:166)
at org.testng.internal.ConfigInvoker.invokeConfigurations(ConfigInvoker.java:299)
at org.testng.TestRunner.invokeTestConfigurations(TestRunner.java:620)
at org.testng.TestRunner.beforeRun(TestRunner.java:610)
at org.testng.TestRunner.run(TestRunner.java:581)
at org.testng.SuiteRunner.runTest(SuiteRunner.java:384)
at org.testng.SuiteRunner.runSequentially(SuiteRunner.java:378)
at org.testng.SuiteRunner.privateRun(SuiteRunner.java:337)
at org.testng.SuiteRunner.run(SuiteRunner.java:286)
at org.testng.SuiteRunnerWorker.runSuite(SuiteRunnerWorker.java:53)
at org.testng.SuiteRunnerWorker.run(SuiteRunnerWorker.java:96)
at org.testng.TestNG.runSuitesSequentially(TestNG.java:1214)
at org.testng.TestNG.runSuitesLocally(TestNG.java:1136)
at org.testng.TestNG.runSuites(TestNG.java:1066)
at org.testng.TestNG.run(TestNG.java:1034)
at org.testng.remote.AbstractRemoteTestNG.run(AbstractRemoteTestNG.java:115)
at org.testng.remote.RemoteTestNG.initAndRun(RemoteTestNG.java:251)
at org.testng.remote.RemoteTestNG.main(RemoteTestNG.java:77)
]]>
    </failure>
  </testcase> <!-- @BeforeTest launchWebsite -->
  <testcase classname="com.org.learningMaven.myMavenProject1.sample" name="@BeforeMethod verifycurrenturl" time="-1.598469270141E9">
    <skipped/>
  </testcase> <!-- @BeforeMethod verifycurrenturl -->
  <testcase classname="com.org.learningMaven.myMavenProject1.sample" name="@AfterMethod closewebsite" time="-1.598469270158E9">
    <skipped/>
  </testcase> <!-- @AfterMethod closewebsite -->
  <testcase classname="com.org.learningMaven.myMavenProject1.sample" name="create" time="0.0">
    <skipped/>
  </testcase> <!-- create -->
</testsuite> <!-- Default test -->
